[2026-07-05 09:00:42] [INFO] ==========================================================================
[2026-07-05 09:00:42] [INFO]   OmviHub Cloud Software Deployer (WPF & Winget Engine) Initialized
[2026-07-05 09:00:42] [INFO]   Session Log: D:\projects\script\software_deployer\Logs\DeployerSession_2026-07-05_09-00-42.log
[2026-07-05 09:00:42] [INFO] ==========================================================================
[2026-07-05 09:00:43] [INFO] Successfully loaded 18 software definitions from Apps.json.
[2026-07-05 09:00:43] [INFO] Winget package manager detected at: C:\Users\hero\AppData\Local\Microsoft\WindowsApps\winget.exe
[2026-07-05 09:00:43] [INFO] Scanning system for installed software packages via Winget...
[2026-07-05 09:00:43] [INFO] Built installed package cache with 103 unique software identifiers.
[2026-07-05 09:00:43] [INFO] Synchronizing catalog status against installed software cache...
[2026-07-05 09:00:43] [DONE] Status synchronization complete.
[2026-07-05 09:00:57] [START] Starting system-wide upgrade for all installed applications...
[2026-07-05 09:00:57] [SUCCESS] System-wide upgrade completed in 0.6s (Exit Code: -1978335230)
[2026-07-05 09:00:57] [INFO] Winget package manager detected at: C:\Users\hero\AppData\Local\Microsoft\WindowsApps\winget.exe
[2026-07-05 09:00:57] [INFO] Scanning system for installed software packages via Winget...
[2026-07-05 09:00:58] [INFO] Built installed package cache with 103 unique software identifiers.
[2026-07-05 09:00:58] [INFO] Synchronizing catalog status against installed software cache...
[2026-07-05 09:00:58] [DONE] Status synchronization complete.
[2026-07-05 09:01:12] [START] Starting deployment batch for  selected application(s)...
[2026-07-05 09:01:12] [SKIP] Skipping 7-Zip - Already installed on system.
[2026-07-05 09:01:12] [DONE] Deployment batch completed!
[2026-07-05 09:01:52] [INFO] Winget package manager detected at: C:\Users\hero\AppData\Local\Microsoft\WindowsApps\winget.exe
[2026-07-05 09:01:52] [INFO] Scanning system for installed software packages via Winget...
[2026-07-05 09:01:53] [INFO] Built installed package cache with 103 unique software identifiers.
[2026-07-05 09:01:53] [INFO] Synchronizing catalog status against installed software cache...
[2026-07-05 09:01:53] [DONE] Status synchronization complete.
